-------------------------------------------------------------------------------
Test set: StockControllerTest
-------------------------------------------------------------------------------
Tests run: 23, Failures: 0, Errors: 20, Skipped: 0, Time elapsed: 122.091 sec <<< FAILURE!
testOneTimeInvestmentCustomWeighted(StockControllerTest)  Time elapsed: 6.29 sec  <<< ERROR!
java.lang.OutOfMemoryError: Java heap space
	at java.util.Arrays.copyOf(Arrays.java:3332)
	at java.lang.AbstractStringBuilder.expandCapacity(AbstractStringBuilder.java:137)
	at java.lang.AbstractStringBuilder.ensureCapacityInternal(AbstractStringBuilder.java:121)
	at java.lang.AbstractStringBuilder.append(AbstractStringBuilder.java:421)
	at java.lang.StringBuffer.append(StringBuffer.java:272)
	at java.lang.StringBuffer.append(StringBuffer.java:97)
	at java.lang.AbstractStringBuilder.append(AbstractStringBuilder.java:457)
	at java.lang.StringBuffer.append(StringBuffer.java:340)
	at java.lang.StringBuffer.append(StringBuffer.java:97)
	at stocks.view.InvestmentView.displayMessage(InvestmentView.java:39)
	at stocks.controller.StockController.handleOperation(StockController.java:78)
	at StockControllerTest.testOneTimeInvestmentCustomWeighted(StockControllerTest.java:1474)
	at sun.reflect.NativeMethodAccessorImpl.invoke0(Native Method)
	at sun.reflect.NativeMethodAccessorImpl.invoke(NativeMethodAccessorImpl.java:62)
	at sun.reflect.DelegatingMethodAccessorImpl.invoke(DelegatingMethodAccessorImpl.java:43)
	at java.lang.reflect.Method.invoke(Method.java:483)
	at org.junit.runners.model.FrameworkMethod$1.runReflectiveCall(FrameworkMethod.java:50)
	at org.junit.internal.runners.model.ReflectiveCallable.run(ReflectiveCallable.java:12)
	at org.junit.runners.model.FrameworkMethod.invokeExplosively(FrameworkMethod.java:47)
	at org.junit.internal.runners.statements.InvokeMethod.evaluate(InvokeMethod.java:17)
	at org.junit.internal.runners.statements.RunBefores.evaluate(RunBefores.java:26)
	at org.junit.runners.ParentRunner.runLeaf(ParentRunner.java:325)
	at org.junit.runners.BlockJUnit4ClassRunner.runChild(BlockJUnit4ClassRunner.java:78)
	at org.junit.runners.BlockJUnit4ClassRunner.runChild(BlockJUnit4ClassRunner.java:57)
	at org.junit.runners.ParentRunner$3.run(ParentRunner.java:290)
	at org.junit.runners.ParentRunner$1.schedule(ParentRunner.java:71)
	at org.junit.runners.ParentRunner.runChildren(ParentRunner.java:288)
	at org.junit.runners.ParentRunner.access$000(ParentRunner.java:58)
	at org.junit.runners.ParentRunner$2.evaluate(ParentRunner.java:268)
	at org.junit.runners.ParentRunner.run(ParentRunner.java:363)
	at org.apache.maven.surefire.junit4.JUnit4TestSet.execute(JUnit4TestSet.java:53)
	at org.apache.maven.surefire.junit4.JUnit4Provider.executeTestSet(JUnit4Provider.java:123)
testInvalidAddStockPortfolio(StockControllerTest)  Time elapsed: 26.638 sec  <<< ERROR!
java.lang.OutOfMemoryError: Java heap space
	at java.util.Arrays.copyOf(Arrays.java:3332)
	at java.lang.AbstractStringBuilder.expandCapacity(AbstractStringBuilder.java:137)
	at java.lang.AbstractStringBuilder.ensureCapacityInternal(AbstractStringBuilder.java:121)
	at java.lang.AbstractStringBuilder.append(AbstractStringBuilder.java:421)
	at java.lang.StringBuffer.append(StringBuffer.java:272)
	at java.lang.StringBuffer.append(StringBuffer.java:97)
	at java.lang.AbstractStringBuilder.append(AbstractStringBuilder.java:457)
	at java.lang.StringBuffer.append(StringBuffer.java:340)
	at java.lang.StringBuffer.append(StringBuffer.java:97)
	at stocks.view.InvestmentView.displayMessage(InvestmentView.java:39)
	at stocks.controller.StockController.handleOperation(StockController.java:78)
	at StockControllerTest.testInvalidAddStockPortfolio(StockControllerTest.java:911)
	at sun.reflect.NativeMethodAccessorImpl.invoke0(Native Method)
	at sun.reflect.NativeMethodAccessorImpl.invoke(NativeMethodAccessorImpl.java:62)
	at sun.reflect.DelegatingMethodAccessorImpl.invoke(DelegatingMethodAccessorImpl.java:43)
	at java.lang.reflect.Method.invoke(Method.java:483)
	at org.junit.runners.model.FrameworkMethod$1.runReflectiveCall(FrameworkMethod.java:50)
	at org.junit.internal.runners.model.ReflectiveCallable.run(ReflectiveCallable.java:12)
	at org.junit.runners.model.FrameworkMethod.invokeExplosively(FrameworkMethod.java:47)
	at org.junit.internal.runners.statements.InvokeMethod.evaluate(InvokeMethod.java:17)
	at org.junit.internal.runners.statements.RunBefores.evaluate(RunBefores.java:26)
	at org.junit.runners.ParentRunner.runLeaf(ParentRunner.java:325)
	at org.junit.runners.BlockJUnit4ClassRunner.runChild(BlockJUnit4ClassRunner.java:78)
	at org.junit.runners.BlockJUnit4ClassRunner.runChild(BlockJUnit4ClassRunner.java:57)
	at org.junit.runners.ParentRunner$3.run(ParentRunner.java:290)
	at org.junit.runners.ParentRunner$1.schedule(ParentRunner.java:71)
	at org.junit.runners.ParentRunner.runChildren(ParentRunner.java:288)
	at org.junit.runners.ParentRunner.access$000(ParentRunner.java:58)
	at org.junit.runners.ParentRunner$2.evaluate(ParentRunner.java:268)
	at org.junit.runners.ParentRunner.run(ParentRunner.java:363)
	at org.apache.maven.surefire.junit4.JUnit4TestSet.execute(JUnit4TestSet.java:53)
	at org.apache.maven.surefire.junit4.JUnit4Provider.executeTestSet(JUnit4Provider.java:123)
testMultipleOneTimeInvestmentEqualWeighted(StockControllerTest)  Time elapsed: 5.524 sec  <<< ERROR!
java.lang.OutOfMemoryError: Java heap space
	at java.util.Arrays.copyOf(Arrays.java:3332)
	at java.lang.AbstractStringBuilder.expandCapacity(AbstractStringBuilder.java:137)
	at java.lang.AbstractStringBuilder.ensureCapacityInternal(AbstractStringBuilder.java:121)
	at java.lang.AbstractStringBuilder.append(AbstractStringBuilder.java:421)
	at java.lang.StringBuffer.append(StringBuffer.java:272)
	at java.lang.StringBuffer.append(StringBuffer.java:97)
	at java.lang.AbstractStringBuilder.append(AbstractStringBuilder.java:457)
	at java.lang.StringBuffer.append(StringBuffer.java:340)
	at java.lang.StringBuffer.append(StringBuffer.java:97)
	at stocks.view.InvestmentView.displayMessage(InvestmentView.java:39)
	at stocks.controller.StockController.handleOperation(StockController.java:78)
	at StockControllerTest.testMultipleOneTimeInvestmentEqualWeighted(StockControllerTest.java:1330)
	at sun.reflect.NativeMethodAccessorImpl.invoke0(Native Method)
	at sun.reflect.NativeMethodAccessorImpl.invoke(NativeMethodAccessorImpl.java:62)
	at sun.reflect.DelegatingMethodAccessorImpl.invoke(DelegatingMethodAccessorImpl.java:43)
	at java.lang.reflect.Method.invoke(Method.java:483)
	at org.junit.runners.model.FrameworkMethod$1.runReflectiveCall(FrameworkMethod.java:50)
	at org.junit.internal.runners.model.ReflectiveCallable.run(ReflectiveCallable.java:12)
	at org.junit.runners.model.FrameworkMethod.invokeExplosively(FrameworkMethod.java:47)
	at org.junit.internal.runners.statements.InvokeMethod.evaluate(InvokeMethod.java:17)
	at org.junit.internal.runners.statements.RunBefores.evaluate(RunBefores.java:26)
	at org.junit.runners.ParentRunner.runLeaf(ParentRunner.java:325)
	at org.junit.runners.BlockJUnit4ClassRunner.runChild(BlockJUnit4ClassRunner.java:78)
	at org.junit.runners.BlockJUnit4ClassRunner.runChild(BlockJUnit4ClassRunner.java:57)
	at org.junit.runners.ParentRunner$3.run(ParentRunner.java:290)
	at org.junit.runners.ParentRunner$1.schedule(ParentRunner.java:71)
	at org.junit.runners.ParentRunner.runChildren(ParentRunner.java:288)
	at org.junit.runners.ParentRunner.access$000(ParentRunner.java:58)
	at org.junit.runners.ParentRunner$2.evaluate(ParentRunner.java:268)
	at org.junit.runners.ParentRunner.run(ParentRunner.java:363)
	at org.apache.maven.surefire.junit4.JUnit4TestSet.execute(JUnit4TestSet.java:53)
	at org.apache.maven.surefire.junit4.JUnit4Provider.executeTestSet(JUnit4Provider.java:123)
testAddPortfolioAddStockMultipleDate(StockControllerTest)  Time elapsed: 4.972 sec  <<< ERROR!
java.lang.OutOfMemoryError: Java heap space
	at java.util.Arrays.copyOf(Arrays.java:3332)
	at java.lang.AbstractStringBuilder.expandCapacity(AbstractStringBuilder.java:137)
	at java.lang.AbstractStringBuilder.ensureCapacityInternal(AbstractStringBuilder.java:121)
	at java.lang.AbstractStringBuilder.append(AbstractStringBuilder.java:421)
	at java.lang.StringBuffer.append(StringBuffer.java:272)
	at java.lang.StringBuffer.append(StringBuffer.java:97)
	at java.lang.AbstractStringBuilder.append(AbstractStringBuilder.java:457)
	at java.lang.StringBuffer.append(StringBuffer.java:340)
	at java.lang.StringBuffer.append(StringBuffer.java:97)
	at stocks.view.InvestmentView.displayMessage(InvestmentView.java:39)
	at stocks.controller.StockController.handleOperation(StockController.java:78)
	at StockControllerTest.testAddPortfolioAddStockMultipleDate(StockControllerTest.java:436)
	at sun.reflect.NativeMethodAccessorImpl.invoke0(Native Method)
	at sun.reflect.NativeMethodAccessorImpl.invoke(NativeMethodAccessorImpl.java:62)
	at sun.reflect.DelegatingMethodAccessorImpl.invoke(DelegatingMethodAccessorImpl.java:43)
	at java.lang.reflect.Method.invoke(Method.java:483)
	at org.junit.runners.model.FrameworkMethod$1.runReflectiveCall(FrameworkMethod.java:50)
	at org.junit.internal.runners.model.ReflectiveCallable.run(ReflectiveCallable.java:12)
	at org.junit.runners.model.FrameworkMethod.invokeExplosively(FrameworkMethod.java:47)
	at org.junit.internal.runners.statements.InvokeMethod.evaluate(InvokeMethod.java:17)
	at org.junit.internal.runners.statements.RunBefores.evaluate(RunBefores.java:26)
	at org.junit.runners.ParentRunner.runLeaf(ParentRunner.java:325)
	at org.junit.runners.BlockJUnit4ClassRunner.runChild(BlockJUnit4ClassRunner.java:78)
	at org.junit.runners.BlockJUnit4ClassRunner.runChild(BlockJUnit4ClassRunner.java:57)
	at org.junit.runners.ParentRunner$3.run(ParentRunner.java:290)
	at org.junit.runners.ParentRunner$1.schedule(ParentRunner.java:71)
	at org.junit.runners.ParentRunner.runChildren(ParentRunner.java:288)
	at org.junit.runners.ParentRunner.access$000(ParentRunner.java:58)
	at org.junit.runners.ParentRunner$2.evaluate(ParentRunner.java:268)
	at org.junit.runners.ParentRunner.run(ParentRunner.java:363)
	at org.apache.maven.surefire.junit4.JUnit4TestSet.execute(JUnit4TestSet.java:53)
	at org.apache.maven.surefire.junit4.JUnit4Provider.executeTestSet(JUnit4Provider.java:123)
testInvalidViewPortfolio(StockControllerTest)  Time elapsed: 4.981 sec  <<< ERROR!
java.lang.OutOfMemoryError: Java heap space
testMultipleDCAInvestmentEqualWeighted(StockControllerTest)  Time elapsed: 5.025 sec  <<< ERROR!
java.lang.OutOfMemoryError: Java heap space
testDCAInvestmentCustomWeighted(StockControllerTest)  Time elapsed: 4.72 sec  <<< ERROR!
java.lang.OutOfMemoryError: Java heap space
testOneTimeInvestmentEqualWeighted(StockControllerTest)  Time elapsed: 4.823 sec  <<< ERROR!
java.lang.OutOfMemoryError: Java heap space
testAddMultiplePortfolioAddStock(StockControllerTest)  Time elapsed: 4.845 sec  <<< ERROR!
java.lang.OutOfMemoryError: Java heap space
testInvalidChoice(StockControllerTest)  Time elapsed: 5.529 sec  <<< ERROR!
java.lang.OutOfMemoryError: Java heap space
testSimpleBuyingStock(StockControllerTest)  Time elapsed: 4.709 sec  <<< ERROR!
java.lang.OutOfMemoryError: Java heap space
testAddStockWithCommission(StockControllerTest)  Time elapsed: 5.738 sec  <<< ERROR!
java.lang.OutOfMemoryError: Java heap space
testDuplicatePortfolio(StockControllerTest)  Time elapsed: 4.714 sec  <<< ERROR!
java.lang.OutOfMemoryError: Java heap space
testAddAndViewMultiplePortfolio(StockControllerTest)  Time elapsed: 4.765 sec  <<< ERROR!
java.lang.OutOfMemoryError: Java heap space
testAddAndViewPortfolio(StockControllerTest)  Time elapsed: 4.739 sec  <<< ERROR!
java.lang.OutOfMemoryError: Java heap space
testInvalidAddStockWithCommission(StockControllerTest)  Time elapsed: 4.868 sec  <<< ERROR!
java.lang.OutOfMemoryError: Java heap space
testAddPortfolioAddStock(StockControllerTest)  Time elapsed: 4.872 sec  <<< ERROR!
java.lang.OutOfMemoryError: Java heap space
testAddMultiplePortfolioAddMultipleStock(StockControllerTest)  Time elapsed: 4.766 sec  <<< ERROR!
java.lang.OutOfMemoryError: Java heap space
testAddPortfolio(StockControllerTest)  Time elapsed: 4.755 sec  <<< ERROR!
java.lang.OutOfMemoryError: Java heap space
testDCAInvestmentEqualWeighted(StockControllerTest)  Time elapsed: 4.814 sec  <<< ERROR!
java.lang.OutOfMemoryError: Java heap space
