-------------------------------------------------------------------------------
Test set: StockControllerTest
-------------------------------------------------------------------------------
Tests run: 23, Failures: 0, Errors: 20, Skipped: 0, Time elapsed: 119.247 sec <<< FAILURE!
testOneTimeInvestmentCustomWeighted(StockControllerTest)  Time elapsed: 5.58 sec  <<< ERROR!
java.lang.OutOfMemoryError: Java heap space
	at java.util.Arrays.copyOf(Arrays.java:3332)
	at java.lang.AbstractStringBuilder.expandCapacity(AbstractStringBuilder.java:137)
	at java.lang.AbstractStringBuilder.ensureCapacityInternal(AbstractStringBuilder.java:121)
	at java.lang.AbstractStringBuilder.append(AbstractStringBuilder.java:421)
	at java.lang.StringBuffer.append(StringBuffer.java:272)
	at java.lang.StringBuffer.append(StringBuffer.java:97)
	at java.lang.AbstractStringBuilder.append(AbstractStringBuilder.java:457)
	at java.lang.StringBuffer.append(StringBuffer.java:340)
	at java.lang.StringBuffer.append(StringBuffer.java:97)
	at stocks.view.InvestmentView.displayMessage(InvestmentView.java:40)
	at stocks.controller.StockController.handleOperation(StockController.java:78)
	at StockControllerTest.testOneTimeInvestmentCustomWeighted(StockControllerTest.java:1474)
	at sun.reflect.NativeMethodAccessorImpl.invoke0(Native Method)
	at sun.reflect.NativeMethodAccessorImpl.invoke(NativeMethodAccessorImpl.java:62)
	at sun.reflect.DelegatingMethodAccessorImpl.invoke(DelegatingMethodAccessorImpl.java:43)
	at java.lang.reflect.Method.invoke(Method.java:483)
	at org.junit.runners.model.FrameworkMethod$1.runReflectiveCall(FrameworkMethod.java:50)
	at org.junit.internal.runners.model.ReflectiveCallable.run(ReflectiveCallable.java:12)
	at org.junit.runners.model.FrameworkMethod.invokeExplosively(FrameworkMethod.java:47)
	at org.junit.internal.runners.statements.InvokeMethod.evaluate(InvokeMethod.java:17)
	at org.junit.internal.runners.statements.RunBefores.evaluate(RunBefores.java:26)
	at org.junit.runners.ParentRunner.runLeaf(ParentRunner.java:325)
	at org.junit.runners.BlockJUnit4ClassRunner.runChild(BlockJUnit4ClassRunner.java:78)
	at org.junit.runners.BlockJUnit4ClassRunner.runChild(BlockJUnit4ClassRunner.java:57)
	at org.junit.runners.ParentRunner$3.run(ParentRunner.java:290)
	at org.junit.runners.ParentRunner$1.schedule(ParentRunner.java:71)
	at org.junit.runners.ParentRunner.runChildren(ParentRunner.java:288)
	at org.junit.runners.ParentRunner.access$000(ParentRunner.java:58)
	at org.junit.runners.ParentRunner$2.evaluate(ParentRunner.java:268)
	at org.junit.runners.ParentRunner.run(ParentRunner.java:363)
	at org.apache.maven.surefire.junit4.JUnit4TestSet.execute(JUnit4TestSet.java:53)
	at org.apache.maven.surefire.junit4.JUnit4Provider.executeTestSet(JUnit4Provider.java:123)
testInvalidAddStockPortfolio(StockControllerTest)  Time elapsed: 26.262 sec  <<< ERROR!
java.lang.OutOfMemoryError: Java heap space
	at java.util.Arrays.copyOf(Arrays.java:3332)
	at java.lang.AbstractStringBuilder.expandCapacity(AbstractStringBuilder.java:137)
	at java.lang.AbstractStringBuilder.ensureCapacityInternal(AbstractStringBuilder.java:121)
	at java.lang.AbstractStringBuilder.append(AbstractStringBuilder.java:421)
	at java.lang.StringBuffer.append(StringBuffer.java:272)
	at java.lang.StringBuffer.append(StringBuffer.java:97)
	at java.lang.AbstractStringBuilder.append(AbstractStringBuilder.java:457)
	at java.lang.StringBuffer.append(StringBuffer.java:340)
	at java.lang.StringBuffer.append(StringBuffer.java:97)
	at stocks.view.InvestmentView.displayMessage(InvestmentView.java:40)
	at stocks.controller.StockController.handleOperation(StockController.java:78)
	at StockControllerTest.testInvalidAddStockPortfolio(StockControllerTest.java:911)
	at sun.reflect.NativeMethodAccessorImpl.invoke0(Native Method)
	at sun.reflect.NativeMethodAccessorImpl.invoke(NativeMethodAccessorImpl.java:62)
	at sun.reflect.DelegatingMethodAccessorImpl.invoke(DelegatingMethodAccessorImpl.java:43)
	at java.lang.reflect.Method.invoke(Method.java:483)
	at org.junit.runners.model.FrameworkMethod$1.runReflectiveCall(FrameworkMethod.java:50)
	at org.junit.internal.runners.model.ReflectiveCallable.run(ReflectiveCallable.java:12)
	at org.junit.runners.model.FrameworkMethod.invokeExplosively(FrameworkMethod.java:47)
	at org.junit.internal.runners.statements.InvokeMethod.evaluate(InvokeMethod.java:17)
	at org.junit.internal.runners.statements.RunBefores.evaluate(RunBefores.java:26)
	at org.junit.runners.ParentRunner.runLeaf(ParentRunner.java:325)
	at org.junit.runners.BlockJUnit4ClassRunner.runChild(BlockJUnit4ClassRunner.java:78)
	at org.junit.runners.BlockJUnit4ClassRunner.runChild(BlockJUnit4ClassRunner.java:57)
	at org.junit.runners.ParentRunner$3.run(ParentRunner.java:290)
	at org.junit.runners.ParentRunner$1.schedule(ParentRunner.java:71)
	at org.junit.runners.ParentRunner.runChildren(ParentRunner.java:288)
	at org.junit.runners.ParentRunner.access$000(ParentRunner.java:58)
	at org.junit.runners.ParentRunner$2.evaluate(ParentRunner.java:268)
	at org.junit.runners.ParentRunner.run(ParentRunner.java:363)
	at org.apache.maven.surefire.junit4.JUnit4TestSet.execute(JUnit4TestSet.java:53)
	at org.apache.maven.surefire.junit4.JUnit4Provider.executeTestSet(JUnit4Provider.java:123)
testMultipleOneTimeInvestmentEqualWeighted(StockControllerTest)  Time elapsed: 4.835 sec  <<< ERROR!
java.lang.OutOfMemoryError: Java heap space
	at java.util.Arrays.copyOf(Arrays.java:3332)
	at java.lang.AbstractStringBuilder.expandCapacity(AbstractStringBuilder.java:137)
	at java.lang.AbstractStringBuilder.ensureCapacityInternal(AbstractStringBuilder.java:121)
	at java.lang.AbstractStringBuilder.append(AbstractStringBuilder.java:421)
	at java.lang.StringBuffer.append(StringBuffer.java:272)
	at java.lang.StringBuffer.append(StringBuffer.java:97)
	at java.lang.AbstractStringBuilder.append(AbstractStringBuilder.java:457)
	at java.lang.StringBuffer.append(StringBuffer.java:340)
	at java.lang.StringBuffer.append(StringBuffer.java:97)
	at stocks.view.InvestmentView.displayMessage(InvestmentView.java:40)
	at stocks.controller.StockController.handleOperation(StockController.java:78)
	at StockControllerTest.testMultipleOneTimeInvestmentEqualWeighted(StockControllerTest.java:1330)
	at sun.reflect.NativeMethodAccessorImpl.invoke0(Native Method)
	at sun.reflect.NativeMethodAccessorImpl.invoke(NativeMethodAccessorImpl.java:62)
	at sun.reflect.DelegatingMethodAccessorImpl.invoke(DelegatingMethodAccessorImpl.java:43)
	at java.lang.reflect.Method.invoke(Method.java:483)
	at org.junit.runners.model.FrameworkMethod$1.runReflectiveCall(FrameworkMethod.java:50)
	at org.junit.internal.runners.model.ReflectiveCallable.run(ReflectiveCallable.java:12)
	at org.junit.runners.model.FrameworkMethod.invokeExplosively(FrameworkMethod.java:47)
	at org.junit.internal.runners.statements.InvokeMethod.evaluate(InvokeMethod.java:17)
	at org.junit.internal.runners.statements.RunBefores.evaluate(RunBefores.java:26)
	at org.junit.runners.ParentRunner.runLeaf(ParentRunner.java:325)
	at org.junit.runners.BlockJUnit4ClassRunner.runChild(BlockJUnit4ClassRunner.java:78)
	at org.junit.runners.BlockJUnit4ClassRunner.runChild(BlockJUnit4ClassRunner.java:57)
	at org.junit.runners.ParentRunner$3.run(ParentRunner.java:290)
	at org.junit.runners.ParentRunner$1.schedule(ParentRunner.java:71)
	at org.junit.runners.ParentRunner.runChildren(ParentRunner.java:288)
	at org.junit.runners.ParentRunner.access$000(ParentRunner.java:58)
	at org.junit.runners.ParentRunner$2.evaluate(ParentRunner.java:268)
	at org.junit.runners.ParentRunner.run(ParentRunner.java:363)
	at org.apache.maven.surefire.junit4.JUnit4TestSet.execute(JUnit4TestSet.java:53)
	at org.apache.maven.surefire.junit4.JUnit4Provider.executeTestSet(JUnit4Provider.java:123)
testAddPortfolioAddStockMultipleDate(StockControllerTest)  Time elapsed: 4.852 sec  <<< ERROR!
java.lang.OutOfMemoryError: Java heap space
	at java.util.Arrays.copyOf(Arrays.java:3332)
	at java.lang.AbstractStringBuilder.expandCapacity(AbstractStringBuilder.java:137)
	at java.lang.AbstractStringBuilder.ensureCapacityInternal(AbstractStringBuilder.java:121)
	at java.lang.AbstractStringBuilder.append(AbstractStringBuilder.java:421)
	at java.lang.StringBuffer.append(StringBuffer.java:272)
	at java.lang.StringBuffer.append(StringBuffer.java:97)
	at java.lang.AbstractStringBuilder.append(AbstractStringBuilder.java:457)
	at java.lang.StringBuffer.append(StringBuffer.java:340)
	at java.lang.StringBuffer.append(StringBuffer.java:97)
	at stocks.view.InvestmentView.displayMessage(InvestmentView.java:40)
	at stocks.controller.StockController.handleOperation(StockController.java:78)
	at StockControllerTest.testAddPortfolioAddStockMultipleDate(StockControllerTest.java:436)
	at sun.reflect.NativeMethodAccessorImpl.invoke0(Native Method)
	at sun.reflect.NativeMethodAccessorImpl.invoke(NativeMethodAccessorImpl.java:62)
	at sun.reflect.DelegatingMethodAccessorImpl.invoke(DelegatingMethodAccessorImpl.java:43)
	at java.lang.reflect.Method.invoke(Method.java:483)
	at org.junit.runners.model.FrameworkMethod$1.runReflectiveCall(FrameworkMethod.java:50)
	at org.junit.internal.runners.model.ReflectiveCallable.run(ReflectiveCallable.java:12)
	at org.junit.runners.model.FrameworkMethod.invokeExplosively(FrameworkMethod.java:47)
	at org.junit.internal.runners.statements.InvokeMethod.evaluate(InvokeMethod.java:17)
	at org.junit.internal.runners.statements.RunBefores.evaluate(RunBefores.java:26)
	at org.junit.runners.ParentRunner.runLeaf(ParentRunner.java:325)
	at org.junit.runners.BlockJUnit4ClassRunner.runChild(BlockJUnit4ClassRunner.java:78)
	at org.junit.runners.BlockJUnit4ClassRunner.runChild(BlockJUnit4ClassRunner.java:57)
	at org.junit.runners.ParentRunner$3.run(ParentRunner.java:290)
	at org.junit.runners.ParentRunner$1.schedule(ParentRunner.java:71)
	at org.junit.runners.ParentRunner.runChildren(ParentRunner.java:288)
	at org.junit.runners.ParentRunner.access$000(ParentRunner.java:58)
	at org.junit.runners.ParentRunner$2.evaluate(ParentRunner.java:268)
	at org.junit.runners.ParentRunner.run(ParentRunner.java:363)
	at org.apache.maven.surefire.junit4.JUnit4TestSet.execute(JUnit4TestSet.java:53)
	at org.apache.maven.surefire.junit4.JUnit4Provider.executeTestSet(JUnit4Provider.java:123)
testInvalidViewPortfolio(StockControllerTest)  Time elapsed: 4.649 sec  <<< ERROR!
java.lang.OutOfMemoryError: Java heap space
testMultipleDCAInvestmentEqualWeighted(StockControllerTest)  Time elapsed: 4.703 sec  <<< ERROR!
java.lang.OutOfMemoryError: Java heap space
testDCAInvestmentCustomWeighted(StockControllerTest)  Time elapsed: 4.878 sec  <<< ERROR!
java.lang.OutOfMemoryError: Java heap space
testOneTimeInvestmentEqualWeighted(StockControllerTest)  Time elapsed: 4.809 sec  <<< ERROR!
java.lang.OutOfMemoryError: Java heap space
testAddMultiplePortfolioAddStock(StockControllerTest)  Time elapsed: 4.806 sec  <<< ERROR!
java.lang.OutOfMemoryError: Java heap space
testInvalidChoice(StockControllerTest)  Time elapsed: 4.925 sec  <<< ERROR!
java.lang.OutOfMemoryError: Java heap space
testSimpleBuyingStock(StockControllerTest)  Time elapsed: 4.807 sec  <<< ERROR!
java.lang.OutOfMemoryError: Java heap space
testAddStockWithCommission(StockControllerTest)  Time elapsed: 4.811 sec  <<< ERROR!
java.lang.OutOfMemoryError: Java heap space
testDuplicatePortfolio(StockControllerTest)  Time elapsed: 4.757 sec  <<< ERROR!
java.lang.OutOfMemoryError: Java heap space
testAddAndViewMultiplePortfolio(StockControllerTest)  Time elapsed: 4.742 sec  <<< ERROR!
java.lang.OutOfMemoryError: Java heap space
testAddAndViewPortfolio(StockControllerTest)  Time elapsed: 4.825 sec  <<< ERROR!
java.lang.OutOfMemoryError: Java heap space
testInvalidAddStockWithCommission(StockControllerTest)  Time elapsed: 4.901 sec  <<< ERROR!
java.lang.OutOfMemoryError: Java heap space
testAddPortfolioAddStock(StockControllerTest)  Time elapsed: 4.808 sec  <<< ERROR!
java.lang.OutOfMemoryError: Java heap space
testAddMultiplePortfolioAddMultipleStock(StockControllerTest)  Time elapsed: 4.842 sec  <<< ERROR!
java.lang.OutOfMemoryError: Java heap space
testAddPortfolio(StockControllerTest)  Time elapsed: 5.01 sec  <<< ERROR!
java.lang.OutOfMemoryError: Java heap space
testDCAInvestmentEqualWeighted(StockControllerTest)  Time elapsed: 5.439 sec  <<< ERROR!
java.lang.OutOfMemoryError: Java heap space
