<?xml version="1.0" encoding="UTF-8" ?>
<testsuite tests="17" failures="0" name="StockModelTest" time="1.643" errors="0" skipped="0">
  <properties>
[...]
</properties>
  <testcase classname="StockModelTest" name="testAddStockInvalid1" time="0.012"/>
  <testcase classname="StockModelTest" name="testStockCostBasisInvalid" time="0.04"/>
  <testcase classname="StockModelTest" name="testInvalidDate" time="0.006"/>
  <testcase classname="StockModelTest" name="testStockEvaluationInvalid" time="0.008"/>
  <testcase classname="StockModelTest" name="testCostPriceEvaluation" time="0.01"/>
  <testcase classname="StockModelTest" name="testUpdateStock" time="0.008"/>
  <testcase classname="StockModelTest" name="testAddStock" time="0.015"/>
  <testcase classname="StockModelTest" name="testInvalidTickerSymbol" time="1.46"/>
  <testcase classname="StockModelTest" name="testStockEvaluation" time="0.009"/>
  <testcase classname="StockModelTest" name="testUpdateStockTransactions" time="0.003"/>
  <testcase classname="StockModelTest" name="testStockCostPriceInvalid" time="0.012"/>
  <testcase classname="StockModelTest" name="testCostPriceEvaluation1" time="0.012"/>
  <testcase classname="StockModelTest" name="testCostPriceEvaluation2" time="0.016"/>
  <testcase classname="StockModelTest" name="testCostPriceEvaluation3" time="0.009"/>
  <testcase classname="StockModelTest" name="testUpdateStockInvalid1" time="0.007"/>
  <testcase classname="StockModelTest" name="testCostBasisEvaluation" time="0.009"/>
  <testcase classname="StockModelTest" name="testEmptyStockData" time="0.001"/>
</testsuite>