<?xml version="1.0" encoding="UTF-8" ?>
<testsuite tests="23" failures="0" name="StockControllerTest" time="122.092" errors="20" skipped="0">
  <properties>
[...]
</properties>
  <testcase classname="StockControllerTest" name="testOneTimeInvestmentCustomWeighted" time="6.29">
    <error message="Java heap space" type="java.lang.OutOfMemoryError">java.lang.OutOfMemoryError: Java heap space
	at java.util.Arrays.copyOf(Arrays.java:3332)
	at java.lang.AbstractStringBuilder.expandCapacity(AbstractStringBuilder.java:137)
	at java.lang.AbstractStringBuilder.ensureCapacityInternal(AbstractStringBuilder.java:121)
	at java.lang.AbstractStringBuilder.append(AbstractStringBuilder.java:421)
	at java.lang.StringBuffer.append(StringBuffer.java:272)
	at java.lang.StringBuffer.append(StringBuffer.java:97)
	at java.lang.AbstractStringBuilder.append(AbstractStringBuilder.java:457)
	at java.lang.StringBuffer.append(StringBuffer.java:340)
	at java.lang.StringBuffer.append(StringBuffer.java:97)
	at stocks.view.InvestmentView.displayMessage(InvestmentView.java:39)
	at stocks.controller.StockController.handleOperation(StockController.java:78)
	at StockControllerTest.testOneTimeInvestmentCustomWeighted(StockControllerTest.java:1474)
	at sun.reflect.NativeMethodAccessorImpl.invoke0(Native Method)
	at sun.reflect.NativeMethodAccessorImpl.invoke(NativeMethodAccessorImpl.java:62)
	at sun.reflect.DelegatingMethodAccessorImpl.invoke(DelegatingMethodAccessorImpl.java:43)
	at java.lang.reflect.Method.invoke(Method.java:483)
	at org.junit.runners.model.FrameworkMethod$1.runReflectiveCall(FrameworkMethod.java:50)
	at org.junit.internal.runners.model.ReflectiveCallable.run(ReflectiveCallable.java:12)
	at org.junit.runners.model.FrameworkMethod.invokeExplosively(FrameworkMethod.java:47)
	at org.junit.internal.runners.statements.InvokeMethod.evaluate(InvokeMethod.java:17)
	at org.junit.internal.runners.statements.RunBefores.evaluate(RunBefores.java:26)
	at org.junit.runners.ParentRunner.runLeaf(ParentRunner.java:325)
	at org.junit.runners.BlockJUnit4ClassRunner.runChild(BlockJUnit4ClassRunner.java:78)
	at org.junit.runners.BlockJUnit4ClassRunner.runChild(BlockJUnit4ClassRunner.java:57)
	at org.junit.runners.ParentRunner$3.run(ParentRunner.java:290)
	at org.junit.runners.ParentRunner$1.schedule(ParentRunner.java:71)
	at org.junit.runners.ParentRunner.runChildren(ParentRunner.java:288)
	at org.junit.runners.ParentRunner.access$000(ParentRunner.java:58)
	at org.junit.runners.ParentRunner$2.evaluate(ParentRunner.java:268)
	at org.junit.runners.ParentRunner.run(ParentRunner.java:363)
	at org.apache.maven.surefire.junit4.JUnit4TestSet.execute(JUnit4TestSet.java:53)
	at org.apache.maven.surefire.junit4.JUnit4Provider.executeTestSet(JUnit4Provider.java:123)
</error>
  </testcase>
  <testcase classname="StockControllerTest" name="testBlankInputOutput" time="0"/>
  <testcase classname="StockControllerTest" name="testInvalidAddStockPortfolio" time="26.638">
    <error message="Java heap space" type="java.lang.OutOfMemoryError">java.lang.OutOfMemoryError: Java heap space
	at java.util.Arrays.copyOf(Arrays.java:3332)
	at java.lang.AbstractStringBuilder.expandCapacity(AbstractStringBuilder.java:137)
	at java.lang.AbstractStringBuilder.ensureCapacityInternal(AbstractStringBuilder.java:121)
	at java.lang.AbstractStringBuilder.append(AbstractStringBuilder.java:421)
	at java.lang.StringBuffer.append(StringBuffer.java:272)
	at java.lang.StringBuffer.append(StringBuffer.java:97)
	at java.lang.AbstractStringBuilder.append(AbstractStringBuilder.java:457)
	at java.lang.StringBuffer.append(StringBuffer.java:340)
	at java.lang.StringBuffer.append(StringBuffer.java:97)
	at stocks.view.InvestmentView.displayMessage(InvestmentView.java:39)
	at stocks.controller.StockController.handleOperation(StockController.java:78)
	at StockControllerTest.testInvalidAddStockPortfolio(StockControllerTest.java:911)
	at sun.reflect.NativeMethodAccessorImpl.invoke0(Native Method)
	at sun.reflect.NativeMethodAccessorImpl.invoke(NativeMethodAccessorImpl.java:62)
	at sun.reflect.DelegatingMethodAccessorImpl.invoke(DelegatingMethodAccessorImpl.java:43)
	at java.lang.reflect.Method.invoke(Method.java:483)
	at org.junit.runners.model.FrameworkMethod$1.runReflectiveCall(FrameworkMethod.java:50)
	at org.junit.internal.runners.model.ReflectiveCallable.run(ReflectiveCallable.java:12)
	at org.junit.runners.model.FrameworkMethod.invokeExplosively(FrameworkMethod.java:47)
	at org.junit.internal.runners.statements.InvokeMethod.evaluate(InvokeMethod.java:17)
	at org.junit.internal.runners.statements.RunBefores.evaluate(RunBefores.java:26)
	at org.junit.runners.ParentRunner.runLeaf(ParentRunner.java:325)
	at org.junit.runners.BlockJUnit4ClassRunner.runChild(BlockJUnit4ClassRunner.java:78)
	at org.junit.runners.BlockJUnit4ClassRunner.runChild(BlockJUnit4ClassRunner.java:57)
	at org.junit.runners.ParentRunner$3.run(ParentRunner.java:290)
	at org.junit.runners.ParentRunner$1.schedule(ParentRunner.java:71)
	at org.junit.runners.ParentRunner.runChildren(ParentRunner.java:288)
	at org.junit.runners.ParentRunner.access$000(ParentRunner.java:58)
	at org.junit.runners.ParentRunner$2.evaluate(ParentRunner.java:268)
	at org.junit.runners.ParentRunner.run(ParentRunner.java:363)
	at org.apache.maven.surefire.junit4.JUnit4TestSet.execute(JUnit4TestSet.java:53)
	at org.apache.maven.surefire.junit4.JUnit4Provider.executeTestSet(JUnit4Provider.java:123)
</error>
  </testcase>
  <testcase classname="StockControllerTest" name="testMultipleOneTimeInvestmentEqualWeighted" time="5.524">
    <error message="Java heap space" type="java.lang.OutOfMemoryError">java.lang.OutOfMemoryError: Java heap space
	at java.util.Arrays.copyOf(Arrays.java:3332)
	at java.lang.AbstractStringBuilder.expandCapacity(AbstractStringBuilder.java:137)
	at java.lang.AbstractStringBuilder.ensureCapacityInternal(AbstractStringBuilder.java:121)
	at java.lang.AbstractStringBuilder.append(AbstractStringBuilder.java:421)
	at java.lang.StringBuffer.append(StringBuffer.java:272)
	at java.lang.StringBuffer.append(StringBuffer.java:97)
	at java.lang.AbstractStringBuilder.append(AbstractStringBuilder.java:457)
	at java.lang.StringBuffer.append(StringBuffer.java:340)
	at java.lang.StringBuffer.append(StringBuffer.java:97)
	at stocks.view.InvestmentView.displayMessage(InvestmentView.java:39)
	at stocks.controller.StockController.handleOperation(StockController.java:78)
	at StockControllerTest.testMultipleOneTimeInvestmentEqualWeighted(StockControllerTest.java:1330)
	at sun.reflect.NativeMethodAccessorImpl.invoke0(Native Method)
	at sun.reflect.NativeMethodAccessorImpl.invoke(NativeMethodAccessorImpl.java:62)
	at sun.reflect.DelegatingMethodAccessorImpl.invoke(DelegatingMethodAccessorImpl.java:43)
	at java.lang.reflect.Method.invoke(Method.java:483)
	at org.junit.runners.model.FrameworkMethod$1.runReflectiveCall(FrameworkMethod.java:50)
	at org.junit.internal.runners.model.ReflectiveCallable.run(ReflectiveCallable.java:12)
	at org.junit.runners.model.FrameworkMethod.invokeExplosively(FrameworkMethod.java:47)
	at org.junit.internal.runners.statements.InvokeMethod.evaluate(InvokeMethod.java:17)
	at org.junit.internal.runners.statements.RunBefores.evaluate(RunBefores.java:26)
	at org.junit.runners.ParentRunner.runLeaf(ParentRunner.java:325)
	at org.junit.runners.BlockJUnit4ClassRunner.runChild(BlockJUnit4ClassRunner.java:78)
	at org.junit.runners.BlockJUnit4ClassRunner.runChild(BlockJUnit4ClassRunner.java:57)
	at org.junit.runners.ParentRunner$3.run(ParentRunner.java:290)
	at org.junit.runners.ParentRunner$1.schedule(ParentRunner.java:71)
	at org.junit.runners.ParentRunner.runChildren(ParentRunner.java:288)
	at org.junit.runners.ParentRunner.access$000(ParentRunner.java:58)
	at org.junit.runners.ParentRunner$2.evaluate(ParentRunner.java:268)
	at org.junit.runners.ParentRunner.run(ParentRunner.java:363)
	at org.apache.maven.surefire.junit4.JUnit4TestSet.execute(JUnit4TestSet.java:53)
	at org.apache.maven.surefire.junit4.JUnit4Provider.executeTestSet(JUnit4Provider.java:123)
</error>
  </testcase>
  <testcase classname="StockControllerTest" name="testAddPortfolioAddStockMultipleDate" time="4.972">
    <error message="Java heap space" type="java.lang.OutOfMemoryError">java.lang.OutOfMemoryError: Java heap space
	at java.util.Arrays.copyOf(Arrays.java:3332)
	at java.lang.AbstractStringBuilder.expandCapacity(AbstractStringBuilder.java:137)
	at java.lang.AbstractStringBuilder.ensureCapacityInternal(AbstractStringBuilder.java:121)
	at java.lang.AbstractStringBuilder.append(AbstractStringBuilder.java:421)
	at java.lang.StringBuffer.append(StringBuffer.java:272)
	at java.lang.StringBuffer.append(StringBuffer.java:97)
	at java.lang.AbstractStringBuilder.append(AbstractStringBuilder.java:457)
	at java.lang.StringBuffer.append(StringBuffer.java:340)
	at java.lang.StringBuffer.append(StringBuffer.java:97)
	at stocks.view.InvestmentView.displayMessage(InvestmentView.java:39)
	at stocks.controller.StockController.handleOperation(StockController.java:78)
	at StockControllerTest.testAddPortfolioAddStockMultipleDate(StockControllerTest.java:436)
	at sun.reflect.NativeMethodAccessorImpl.invoke0(Native Method)
	at sun.reflect.NativeMethodAccessorImpl.invoke(NativeMethodAccessorImpl.java:62)
	at sun.reflect.DelegatingMethodAccessorImpl.invoke(DelegatingMethodAccessorImpl.java:43)
	at java.lang.reflect.Method.invoke(Method.java:483)
	at org.junit.runners.model.FrameworkMethod$1.runReflectiveCall(FrameworkMethod.java:50)
	at org.junit.internal.runners.model.ReflectiveCallable.run(ReflectiveCallable.java:12)
	at org.junit.runners.model.FrameworkMethod.invokeExplosively(FrameworkMethod.java:47)
	at org.junit.internal.runners.statements.InvokeMethod.evaluate(InvokeMethod.java:17)
	at org.junit.internal.runners.statements.RunBefores.evaluate(RunBefores.java:26)
	at org.junit.runners.ParentRunner.runLeaf(ParentRunner.java:325)
	at org.junit.runners.BlockJUnit4ClassRunner.runChild(BlockJUnit4ClassRunner.java:78)
	at org.junit.runners.BlockJUnit4ClassRunner.runChild(BlockJUnit4ClassRunner.java:57)
	at org.junit.runners.ParentRunner$3.run(ParentRunner.java:290)
	at org.junit.runners.ParentRunner$1.schedule(ParentRunner.java:71)
	at org.junit.runners.ParentRunner.runChildren(ParentRunner.java:288)
	at org.junit.runners.ParentRunner.access$000(ParentRunner.java:58)
	at org.junit.runners.ParentRunner$2.evaluate(ParentRunner.java:268)
	at org.junit.runners.ParentRunner.run(ParentRunner.java:363)
	at org.apache.maven.surefire.junit4.JUnit4TestSet.execute(JUnit4TestSet.java:53)
	at org.apache.maven.surefire.junit4.JUnit4Provider.executeTestSet(JUnit4Provider.java:123)
</error>
  </testcase>
  <testcase classname="StockControllerTest" name="testBlankInput" time="0"/>
  <testcase classname="StockControllerTest" name="testInvalidViewPortfolio" time="4.981">
    <error message="Java heap space" type="java.lang.OutOfMemoryError">java.lang.OutOfMemoryError: Java heap space
</error>
  </testcase>
  <testcase classname="StockControllerTest" name="testMultipleDCAInvestmentEqualWeighted" time="5.025">
    <error message="Java heap space" type="java.lang.OutOfMemoryError">java.lang.OutOfMemoryError: Java heap space
</error>
  </testcase>
  <testcase classname="StockControllerTest" name="testDCAInvestmentCustomWeighted" time="4.72">
    <error message="Java heap space" type="java.lang.OutOfMemoryError">java.lang.OutOfMemoryError: Java heap space
</error>
  </testcase>
  <testcase classname="StockControllerTest" name="testOneTimeInvestmentEqualWeighted" time="4.823">
    <error message="Java heap space" type="java.lang.OutOfMemoryError">java.lang.OutOfMemoryError: Java heap space
</error>
  </testcase>
  <testcase classname="StockControllerTest" name="testAddMultiplePortfolioAddStock" time="4.845">
    <error message="Java heap space" type="java.lang.OutOfMemoryError">java.lang.OutOfMemoryError: Java heap space
</error>
  </testcase>
  <testcase classname="StockControllerTest" name="testInvalidChoice" time="5.529">
    <error message="Java heap space" type="java.lang.OutOfMemoryError">java.lang.OutOfMemoryError: Java heap space
</error>
  </testcase>
  <testcase classname="StockControllerTest" name="testSimpleBuyingStock" time="4.709">
    <error message="Java heap space" type="java.lang.OutOfMemoryError">java.lang.OutOfMemoryError: Java heap space
</error>
  </testcase>
  <testcase classname="StockControllerTest" name="testAddStockWithCommission" time="5.738">
    <error message="Java heap space" type="java.lang.OutOfMemoryError">java.lang.OutOfMemoryError: Java heap space
</error>
  </testcase>
  <testcase classname="StockControllerTest" name="testDuplicatePortfolio" time="4.714">
    <error message="Java heap space" type="java.lang.OutOfMemoryError">java.lang.OutOfMemoryError: Java heap space
</error>
  </testcase>
  <testcase classname="StockControllerTest" name="testAddAndViewMultiplePortfolio" time="4.765">
    <error message="Java heap space" type="java.lang.OutOfMemoryError">java.lang.OutOfMemoryError: Java heap space
</error>
  </testcase>
  <testcase classname="StockControllerTest" name="testAddAndViewPortfolio" time="4.739">
    <error message="Java heap space" type="java.lang.OutOfMemoryError">java.lang.OutOfMemoryError: Java heap space
</error>
  </testcase>
  <testcase classname="StockControllerTest" name="testInvalidAddStockWithCommission" time="4.868">
    <error message="Java heap space" type="java.lang.OutOfMemoryError">java.lang.OutOfMemoryError: Java heap space
</error>
  </testcase>
  <testcase classname="StockControllerTest" name="testAddPortfolioAddStock" time="4.872">
    <error message="Java heap space" type="java.lang.OutOfMemoryError">java.lang.OutOfMemoryError: Java heap space
</error>
  </testcase>
  <testcase classname="StockControllerTest" name="testBlankOutput" time="0.001"/>
  <testcase classname="StockControllerTest" name="testAddMultiplePortfolioAddMultipleStock" time="4.766">
    <error message="Java heap space" type="java.lang.OutOfMemoryError">java.lang.OutOfMemoryError: Java heap space
</error>
  </testcase>
  <testcase classname="StockControllerTest" name="testAddPortfolio" time="4.755">
    <error message="Java heap space" type="java.lang.OutOfMemoryError">java.lang.OutOfMemoryError: Java heap space
</error>
  </testcase>
  <testcase classname="StockControllerTest" name="testDCAInvestmentEqualWeighted" time="4.814">
    <error message="Java heap space" type="java.lang.OutOfMemoryError">java.lang.OutOfMemoryError: Java heap space
</error>
  </testcase>
</testsuite>